0 info it worked if it ends with ok
1 verbose cli [ 'C:\\Program Files\\nodejs\\\\node.exe',
1 verbose cli   'C:\\Program Files\\nodejs\\node_modules\\npm\\bin\\npm-cli.js',
1 verbose cli   'install',
1 verbose cli   'express@4.0.0',
1 verbose cli   'morgan',
1 verbose cli   'body-parser',
1 verbose cli   'cookie-parser',
1 verbose cli   'methodoverride' ]
2 info using npm@1.4.28
3 info using node@v0.10.35
4 verbose node symlink C:\Program Files\nodejs\\node.exe
5 warn package.json newapp@1.0.0 No repository field.
6 warn package.json newapp@1.0.0 No README data
7 verbose readDependencies using package.json deps
8 verbose cache add [ 'express@4.0.0', null ]
9 verbose cache add name=undefined spec="express@4.0.0" args=["express@4.0.0",null]
10 verbose parsed url { protocol: null,
10 verbose parsed url   slashes: null,
10 verbose parsed url   auth: null,
10 verbose parsed url   host: null,
10 verbose parsed url   port: null,
10 verbose parsed url   hostname: null,
10 verbose parsed url   hash: null,
10 verbose parsed url   search: null,
10 verbose parsed url   query: null,
10 verbose parsed url   pathname: 'express@4.0.0',
10 verbose parsed url   path: 'express@4.0.0',
10 verbose parsed url   href: 'express@4.0.0' }
11 verbose cache add [ 'morgan', null ]
12 verbose cache add name=undefined spec="morgan" args=["morgan",null]
13 verbose parsed url { protocol: null,
13 verbose parsed url   slashes: null,
13 verbose parsed url   auth: null,
13 verbose parsed url   host: null,
13 verbose parsed url   port: null,
13 verbose parsed url   hostname: null,
13 verbose parsed url   hash: null,
13 verbose parsed url   search: null,
13 verbose parsed url   query: null,
13 verbose parsed url   pathname: 'morgan',
13 verbose parsed url   path: 'morgan',
13 verbose parsed url   href: 'morgan' }
14 verbose cache add [ 'body-parser', null ]
15 verbose cache add name=undefined spec="body-parser" args=["body-parser",null]
16 verbose parsed url { protocol: null,
16 verbose parsed url   slashes: null,
16 verbose parsed url   auth: null,
16 verbose parsed url   host: null,
16 verbose parsed url   port: null,
16 verbose parsed url   hostname: null,
16 verbose parsed url   hash: null,
16 verbose parsed url   search: null,
16 verbose parsed url   query: null,
16 verbose parsed url   pathname: 'body-parser',
16 verbose parsed url   path: 'body-parser',
16 verbose parsed url   href: 'body-parser' }
17 verbose cache add [ 'cookie-parser', null ]
18 verbose cache add name=undefined spec="cookie-parser" args=["cookie-parser",null]
19 verbose parsed url { protocol: null,
19 verbose parsed url   slashes: null,
19 verbose parsed url   auth: null,
19 verbose parsed url   host: null,
19 verbose parsed url   port: null,
19 verbose parsed url   hostname: null,
19 verbose parsed url   hash: null,
19 verbose parsed url   search: null,
19 verbose parsed url   query: null,
19 verbose parsed url   pathname: 'cookie-parser',
19 verbose parsed url   path: 'cookie-parser',
19 verbose parsed url   href: 'cookie-parser' }
20 verbose cache add [ 'methodoverride', null ]
21 verbose cache add name=undefined spec="methodoverride" args=["methodoverride",null]
22 verbose parsed url { protocol: null,
22 verbose parsed url   slashes: null,
22 verbose parsed url   auth: null,
22 verbose parsed url   host: null,
22 verbose parsed url   port: null,
22 verbose parsed url   hostname: null,
22 verbose parsed url   hash: null,
22 verbose parsed url   search: null,
22 verbose parsed url   query: null,
22 verbose parsed url   pathname: 'methodoverride',
22 verbose parsed url   path: 'methodoverride',
22 verbose parsed url   href: 'methodoverride' }
23 verbose cache add name="express" spec="4.0.0" args=["express","4.0.0"]
24 verbose parsed url { protocol: null,
24 verbose parsed url   slashes: null,
24 verbose parsed url   auth: null,
24 verbose parsed url   host: null,
24 verbose parsed url   port: null,
24 verbose parsed url   hostname: null,
24 verbose parsed url   hash: null,
24 verbose parsed url   search: null,
24 verbose parsed url   query: null,
24 verbose parsed url   pathname: '4.0.0',
24 verbose parsed url   path: '4.0.0',
24 verbose parsed url   href: '4.0.0' }
25 verbose addNamed [ 'express', '4.0.0' ]
26 verbose addNamed [ '4.0.0', '4.0.0' ]
27 silly lockFile 5b69df19-express-4-0-0 express@4.0.0
28 verbose lock express@4.0.0 C:\Users\cirok\AppData\Roaming\npm-cache\5b69df19-express-4-0-0.lock
29 silly lockFile 519bc3f0-morgan morgan
30 verbose lock morgan C:\Users\cirok\AppData\Roaming\npm-cache\519bc3f0-morgan.lock
31 silly lockFile 14cf125c-body-parser body-parser
32 verbose lock body-parser C:\Users\cirok\AppData\Roaming\npm-cache\14cf125c-body-parser.lock
33 silly lockFile 558682e9-cookie-parser cookie-parser
34 verbose lock cookie-parser C:\Users\cirok\AppData\Roaming\npm-cache\558682e9-cookie-parser.lock
35 silly lockFile 350dc503-methodoverride methodoverride
36 verbose lock methodoverride C:\Users\cirok\AppData\Roaming\npm-cache\350dc503-methodoverride.lock
37 silly lockFile 519bc3f0-morgan morgan
38 silly lockFile 519bc3f0-morgan morgan
39 silly lockFile 14cf125c-body-parser body-parser
40 silly lockFile 14cf125c-body-parser body-parser
41 silly lockFile 350dc503-methodoverride methodoverride
42 silly lockFile 350dc503-methodoverride methodoverride
43 silly lockFile 558682e9-cookie-parser cookie-parser
44 silly lockFile 558682e9-cookie-parser cookie-parser
45 verbose addNamed [ 'morgan', '' ]
46 verbose addNamed [ null, '*' ]
47 silly lockFile aca3bbc6-morgan morgan@
48 verbose lock morgan@ C:\Users\cirok\AppData\Roaming\npm-cache\aca3bbc6-morgan.lock
49 verbose addNamed [ 'body-parser', '' ]
50 verbose addNamed [ null, '*' ]
51 silly lockFile 9f665704-body-parser body-parser@
52 verbose lock body-parser@ C:\Users\cirok\AppData\Roaming\npm-cache\9f665704-body-parser.lock
53 verbose addNamed [ 'methodoverride', '' ]
54 verbose addNamed [ null, '*' ]
55 silly lockFile 3e64370c-methodoverride methodoverride@
56 verbose lock methodoverride@ C:\Users\cirok\AppData\Roaming\npm-cache\3e64370c-methodoverride.lock
57 verbose addNamed [ 'cookie-parser', '' ]
58 verbose addNamed [ null, '*' ]
59 silly lockFile 96095670-cookie-parser cookie-parser@
60 verbose lock cookie-parser@ C:\Users\cirok\AppData\Roaming\npm-cache\96095670-cookie-parser.lock
61 silly addNameRange { name: 'body-parser', range: '*', hasData: false }
62 verbose request where is /express
63 verbose request registry https://registry.npmjs.org/
64 verbose request id dd01b5eb4b44944e
65 verbose url raw /express
66 verbose url resolving [ 'https://registry.npmjs.org/', './express' ]
67 verbose url resolved https://registry.npmjs.org/express
68 verbose request where is https://registry.npmjs.org/express
69 info trying registry request attempt 1 at 14:16:03
70 verbose etag "CJVPYS0M2IC94YXWMW8MF8D2C"
71 http GET https://registry.npmjs.org/express
72 silly addNameRange { name: 'morgan', range: '*', hasData: false }
73 silly addNameRange { name: 'methodoverride', range: '*', hasData: false }
74 silly addNameRange { name: 'cookie-parser', range: '*', hasData: false }
75 verbose request where is /methodoverride
76 verbose request registry https://registry.npmjs.org/
77 verbose url raw /methodoverride
78 verbose url resolving [ 'https://registry.npmjs.org/', './methodoverride' ]
79 verbose url resolved https://registry.npmjs.org/methodoverride
80 verbose request where is https://registry.npmjs.org/methodoverride
81 info trying registry request attempt 1 at 14:16:03
82 http GET https://registry.npmjs.org/methodoverride
83 verbose request where is /body-parser
84 verbose request registry https://registry.npmjs.org/
85 verbose url raw /body-parser
86 verbose url resolving [ 'https://registry.npmjs.org/', './body-parser' ]
87 verbose url resolved https://registry.npmjs.org/body-parser
88 verbose request where is https://registry.npmjs.org/body-parser
89 info trying registry request attempt 1 at 14:16:03
90 verbose etag "3CQN6PTFA5GIYUFRX17N433B3"
91 http GET https://registry.npmjs.org/body-parser
92 verbose request where is /morgan
93 verbose request registry https://registry.npmjs.org/
94 verbose url raw /morgan
95 verbose url resolving [ 'https://registry.npmjs.org/', './morgan' ]
96 verbose url resolved https://registry.npmjs.org/morgan
97 verbose request where is https://registry.npmjs.org/morgan
98 info trying registry request attempt 1 at 14:16:03
99 verbose etag "5GB169AIMOSXLXSBY1XBDUPBB"
100 http GET https://registry.npmjs.org/morgan
101 verbose request where is /cookie-parser
102 verbose request registry https://registry.npmjs.org/
103 verbose url raw /cookie-parser
104 verbose url resolving [ 'https://registry.npmjs.org/', './cookie-parser' ]
105 verbose url resolved https://registry.npmjs.org/cookie-parser
106 verbose request where is https://registry.npmjs.org/cookie-parser
107 info trying registry request attempt 1 at 14:16:03
108 verbose etag "DDKJHDWHHJC6DWGLE2O7KQ8MK"
109 http GET https://registry.npmjs.org/cookie-parser
110 http 304 https://registry.npmjs.org/express
111 silly registry.get cb [ 304,
111 silly registry.get   { date: 'Tue, 06 Jan 2015 13:16:05 GMT',
111 silly registry.get     server: 'Apache',
111 silly registry.get     via: '1.1 varnish',
111 silly registry.get     'last-modified': 'Tue, 06 Jan 2015 13:16:05 GMT',
111 silly registry.get     'cache-control': 'max-age=60',
111 silly registry.get     etag: '"CJVPYS0M2IC94YXWMW8MF8D2C"',
111 silly registry.get     age: '48',
111 silly registry.get     'x-served-by': 'cache-fra1230-FRA',
111 silly registry.get     'x-cache': 'HIT',
111 silly registry.get     'x-cache-hits': '1',
111 silly registry.get     'x-timer': 'S1420550165.236087,VS0,VE2',
111 silly registry.get     vary: 'Accept',
111 silly registry.get     'content-length': '0',
111 silly registry.get     'keep-alive': 'timeout=10, max=50',
111 silly registry.get     connection: 'Keep-Alive' } ]
112 verbose etag https://registry.npmjs.org/express from cache
113 http 304 https://registry.npmjs.org/morgan
114 silly registry.get cb [ 304,
114 silly registry.get   { date: 'Tue, 06 Jan 2015 13:16:05 GMT',
114 silly registry.get     server: 'Apache',
114 silly registry.get     via: '1.1 varnish',
114 silly registry.get     'last-modified': 'Tue, 06 Jan 2015 13:16:05 GMT',
114 silly registry.get     'cache-control': 'max-age=60',
114 silly registry.get     etag: '"5GB169AIMOSXLXSBY1XBDUPBB"',
114 silly registry.get     age: '11',
114 silly registry.get     'x-served-by': 'cache-fra1242-FRA',
114 silly registry.get     'x-cache': 'HIT',
114 silly registry.get     'x-cache-hits': '1',
114 silly registry.get     'x-timer': 'S1420550165.241971,VS0,VE0',
114 silly registry.get     vary: 'Accept',
114 silly registry.get     'content-length': '0',
114 silly registry.get     'keep-alive': 'timeout=10, max=50',
114 silly registry.get     connection: 'Keep-Alive' } ]
115 verbose etag https://registry.npmjs.org/morgan from cache
116 http 304 https://registry.npmjs.org/body-parser
117 silly registry.get cb [ 304,
117 silly registry.get   { date: 'Tue, 06 Jan 2015 13:16:05 GMT',
117 silly registry.get     server: 'Apache',
117 silly registry.get     via: '1.1 varnish',
117 silly registry.get     'last-modified': 'Tue, 06 Jan 2015 13:16:05 GMT',
117 silly registry.get     'cache-control': 'max-age=60',
117 silly registry.get     etag: '"3CQN6PTFA5GIYUFRX17N433B3"',
117 silly registry.get     age: '10',
117 silly registry.get     'x-served-by': 'cache-fra1235-FRA',
117 silly registry.get     'x-cache': 'HIT',
117 silly registry.get     'x-cache-hits': '1',
117 silly registry.get     'x-timer': 'S1420550165.248606,VS0,VE0',
117 silly registry.get     vary: 'Accept',
117 silly registry.get     'content-length': '0',
117 silly registry.get     'keep-alive': 'timeout=10, max=50',
117 silly registry.get     connection: 'Keep-Alive' } ]
118 verbose etag https://registry.npmjs.org/body-parser from cache
119 http 304 https://registry.npmjs.org/cookie-parser
120 silly registry.get cb [ 304,
120 silly registry.get   { date: 'Tue, 06 Jan 2015 13:16:05 GMT',
120 silly registry.get     server: 'Apache',
120 silly registry.get     via: '1.1 varnish',
120 silly registry.get     'last-modified': 'Tue, 06 Jan 2015 13:16:05 GMT',
120 silly registry.get     'cache-control': 'max-age=60',
120 silly registry.get     etag: '"DDKJHDWHHJC6DWGLE2O7KQ8MK"',
120 silly registry.get     age: '43',
120 silly registry.get     'x-served-by': 'cache-fra1226-FRA',
120 silly registry.get     'x-cache': 'HIT',
120 silly registry.get     'x-cache-hits': '1',
120 silly registry.get     'x-timer': 'S1420550165.250942,VS0,VE0',
120 silly registry.get     vary: 'Accept',
120 silly registry.get     'content-length': '0',
120 silly registry.get     'keep-alive': 'timeout=10, max=50',
120 silly registry.get     connection: 'Keep-Alive' } ]
121 verbose etag https://registry.npmjs.org/cookie-parser from cache
122 silly addNameRange number 2 { name: 'morgan', range: '*', hasData: true }
123 silly addNameRange versions [ 'morgan',
123 silly addNameRange   [ '1.0.0',
123 silly addNameRange     '1.0.1',
123 silly addNameRange     '1.1.0',
123 silly addNameRange     '1.1.1',
123 silly addNameRange     '1.2.0',
123 silly addNameRange     '1.2.1',
123 silly addNameRange     '1.2.2',
123 silly addNameRange     '1.2.3',
123 silly addNameRange     '1.3.0',
123 silly addNameRange     '1.3.1',
123 silly addNameRange     '1.3.2',
123 silly addNameRange     '1.4.0',
123 silly addNameRange     '1.4.1',
123 silly addNameRange     '1.5.0',
123 silly addNameRange     '1.5.1' ] ]
124 verbose addNamed [ 'morgan', '1.5.1' ]
125 verbose addNamed [ '1.5.1', '1.5.1' ]
126 silly lockFile 7ab299d0-morgan-1-5-1 morgan@1.5.1
127 verbose lock morgan@1.5.1 C:\Users\cirok\AppData\Roaming\npm-cache\7ab299d0-morgan-1-5-1.lock
128 silly addNameRange number 2 { name: 'cookie-parser', range: '*', hasData: true }
129 silly addNameRange versions [ 'cookie-parser',
129 silly addNameRange   [ '1.0.0',
129 silly addNameRange     '1.0.1',
129 silly addNameRange     '1.1.0',
129 silly addNameRange     '1.2.0',
129 silly addNameRange     '1.3.0',
129 silly addNameRange     '1.3.1',
129 silly addNameRange     '1.3.2',
129 silly addNameRange     '1.3.3' ] ]
130 verbose addNamed [ 'cookie-parser', '1.3.3' ]
131 verbose addNamed [ '1.3.3', '1.3.3' ]
132 silly lockFile 68450bd4-cookie-parser-1-3-3 cookie-parser@1.3.3
133 verbose lock cookie-parser@1.3.3 C:\Users\cirok\AppData\Roaming\npm-cache\68450bd4-cookie-parser-1-3-3.lock
134 silly addNameRange number 2 { name: 'body-parser', range: '*', hasData: true }
135 silly addNameRange versions [ 'body-parser',
135 silly addNameRange   [ '1.0.0',
135 silly addNameRange     '1.0.1',
135 silly addNameRange     '1.0.2',
135 silly addNameRange     '1.1.0',
135 silly addNameRange     '1.1.1',
135 silly addNameRange     '1.1.2',
135 silly addNameRange     '1.2.0',
135 silly addNameRange     '1.2.1',
135 silly addNameRange     '1.2.2',
135 silly addNameRange     '1.3.0',
135 silly addNameRange     '1.3.1',
135 silly addNameRange     '1.4.0',
135 silly addNameRange     '1.4.1',
135 silly addNameRange     '1.4.2',
135 silly addNameRange     '1.4.3',
135 silly addNameRange     '1.5.0',
135 silly addNameRange     '1.5.1',
135 silly addNameRange     '1.5.2',
135 silly addNameRange     '1.6.0',
135 silly addNameRange     '1.6.1',
135 silly addNameRange     '1.6.2',
135 silly addNameRange     '1.6.3',
135 silly addNameRange     '1.6.4',
135 silly addNameRange     '1.6.5',
135 silly addNameRange     '1.6.6',
135 silly addNameRange     '1.6.7',
135 silly addNameRange     '1.7.0',
135 silly addNameRange     '1.8.0',
135 silly addNameRange     '1.8.1',
135 silly addNameRange     '1.8.2',
135 silly addNameRange     '1.8.3',
135 silly addNameRange     '1.8.4',
135 silly addNameRange     '1.9.0',
135 silly addNameRange     '1.9.1',
135 silly addNameRange     '1.9.2',
135 silly addNameRange     '1.9.3',
135 silly addNameRange     '1.10.0',
135 silly addNameRange     '1.10.1' ] ]
136 verbose addNamed [ 'body-parser', '1.10.1' ]
137 verbose addNamed [ '1.10.1', '1.10.1' ]
138 silly lockFile 0f993b18-body-parser-1-10-1 body-parser@1.10.1
139 verbose lock body-parser@1.10.1 C:\Users\cirok\AppData\Roaming\npm-cache\0f993b18-body-parser-1-10-1.lock
140 silly lockFile 5b69df19-express-4-0-0 express@4.0.0
141 silly lockFile 5b69df19-express-4-0-0 express@4.0.0
142 silly lockFile 7ab299d0-morgan-1-5-1 morgan@1.5.1
143 silly lockFile 7ab299d0-morgan-1-5-1 morgan@1.5.1
144 silly lockFile 68450bd4-cookie-parser-1-3-3 cookie-parser@1.3.3
145 silly lockFile 68450bd4-cookie-parser-1-3-3 cookie-parser@1.3.3
146 silly lockFile 0f993b18-body-parser-1-10-1 body-parser@1.10.1
147 silly lockFile 0f993b18-body-parser-1-10-1 body-parser@1.10.1
148 silly lockFile aca3bbc6-morgan morgan@
149 silly lockFile aca3bbc6-morgan morgan@
150 silly lockFile 96095670-cookie-parser cookie-parser@
151 silly lockFile 96095670-cookie-parser cookie-parser@
152 silly lockFile 9f665704-body-parser body-parser@
153 silly lockFile 9f665704-body-parser body-parser@
154 http 404 https://registry.npmjs.org/methodoverride
155 verbose headers { date: 'Tue, 06 Jan 2015 13:16:05 GMT',
155 verbose headers   server: 'CouchDB/1.5.0 (Erlang OTP/R16B03)',
155 verbose headers   'content-type': 'application/json',
155 verbose headers   'cache-control': 'max-age=0',
155 verbose headers   'content-length': '52',
155 verbose headers   'accept-ranges': 'bytes',
155 verbose headers   via: '1.1 varnish',
155 verbose headers   age: '0',
155 verbose headers   'x-served-by': 'cache-fra1246-FRA',
155 verbose headers   'x-cache': 'MISS',
155 verbose headers   'x-cache-hits': '0',
155 verbose headers   'x-timer': 'S1420550165.239734,VS0,VE426',
155 verbose headers   'keep-alive': 'timeout=10, max=50',
155 verbose headers   connection: 'Keep-Alive' }
156 silly registry.get cb [ 404,
156 silly registry.get   { date: 'Tue, 06 Jan 2015 13:16:05 GMT',
156 silly registry.get     server: 'CouchDB/1.5.0 (Erlang OTP/R16B03)',
156 silly registry.get     'content-type': 'application/json',
156 silly registry.get     'cache-control': 'max-age=0',
156 silly registry.get     'content-length': '52',
156 silly registry.get     'accept-ranges': 'bytes',
156 silly registry.get     via: '1.1 varnish',
156 silly registry.get     age: '0',
156 silly registry.get     'x-served-by': 'cache-fra1246-FRA',
156 silly registry.get     'x-cache': 'MISS',
156 silly registry.get     'x-cache-hits': '0',
156 silly registry.get     'x-timer': 'S1420550165.239734,VS0,VE426',
156 silly registry.get     'keep-alive': 'timeout=10, max=50',
156 silly registry.get     connection: 'Keep-Alive' } ]
157 silly lockFile 3e64370c-methodoverride methodoverride@
158 silly lockFile 3e64370c-methodoverride methodoverride@
159 error 404 404 Not Found: methodoverride
159 error 404
159 error 404 'methodoverride' is not in the npm registry.
159 error 404 You should bug the author to publish it
159 error 404 It was specified as a dependency of 'newapp'
159 error 404
159 error 404 Note that you can also install from a
159 error 404 tarball, folder, or http url, or git url.
160 error System Windows_NT 6.2.9200
161 error command "C:\\Program Files\\nodejs\\\\node.exe" "C:\\Program Files\\nodejs\\node_modules\\npm\\bin\\npm-cli.js" "install" "express@4.0.0" "morgan" "body-parser" "cookie-parser" "methodoverride"
162 error cwd c:\test\newapp
163 error node -v v0.10.35
164 error npm -v 1.4.28
165 error code E404
166 verbose exit [ 1, true ]
